The cards in the deck are: 
Description Size Speed Range Firepower Cargo
350r 1 9 2 3 0
Avenger 2 5 4 3 2
Carrack 6 2 10 4 6
Constellation 4 5 7 3 4
Hawk 1 3 2 4 0
Hornet 2 5 3 4 1
Hurricane 2 5 3 5 0
Idris 8 2 7 10 6
m50 1 10 2 2 0
Constellation 4 5 7 3 4

----------------------------------------------------------------------

The cards in the deck after shuffle are: 
Description Size Speed Range Firepower Cargo
Hawk 1 3 2 4 0
Constellation 4 5 7 3 4
Idris 8 2 7 10 6
Hurricane 2 5 3 5 0
Constellation 4 5 7 3 4
Carrack 6 2 10 4 6
m50 1 10 2 2 0
350r 1 9 2 3 0
Avenger 2 5 4 3 2
Hornet 2 5 3 4 1

----------------------------------------------------------------------

Your cards are: 
Description Size Speed Range Firepower Cargo
Constellation 4 5 7 3 4
Hawk 1 3 2 4 0

AI Player 1's cards are: 
Description Size Speed Range Firepower Cargo
Hurricane 2 5 3 5 0
Idris 8 2 7 10 6

AI Player 2's cards are: 
Description Size Speed Range Firepower Cargo
Carrack 6 2 10 4 6
Constellation 4 5 7 3 4

AI Player 3's cards are: 
Description Size Speed Range Firepower Cargo
350r 1 9 2 3 0
m50 1 10 2 2 0

AI Player 4's cards are: 
Description Size Speed Range Firepower Cargo
Hornet 2 5 3 4 1
Avenger 2 5 4 3 2

----------------------------------------------------------------------

The cards of this round are: 
Description Size Speed Range Firepower Cargo
Hawk 1 3 2 4 0
Idris 8 2 7 10 6
Constellation 4 5 7 3 4
m50 1 10 2 2 0
Avenger 2 5 4 3 2

----------------------------------------------------------------------

The chosen attribute is: 	> Speed: 5

----------------------------------------------------------------------

The communal pile is empty.

----------------------------------------------------------------------

The cards of this round are: 
Description Size Speed Range Firepower Cargo
Constellation 4 5 7 3 4
Hurricane 2 5 3 5 0
Carrack 6 2 10 4 6
350r 1 9 2 3 0
Hornet 2 5 3 4 1

----------------------------------------------------------------------

The chosen attribute is: 	> Speed: 5

----------------------------------------------------------------------

The communal pile is empty.

----------------------------------------------------------------------

Your deck is empty.

AI Player 1's deck is empty.

AI Player 2's deck is empty.

AI Player 3's cards are: 
Description Size Speed Range Firepower Cargo
Constellation 4 5 7 3 4
Hurricane 2 5 3 5 0
Carrack 6 2 10 4 6
350r 1 9 2 3 0
Hornet 2 5 3 4 1
Hawk 1 3 2 4 0
Constellation 4 5 7 3 4
Avenger 2 5 4 3 2
Idris 8 2 7 10 6
m50 1 10 2 2 0

AI Player 4's deck is empty.

----------------------------------------------------------------------

The winner is: AI Player 3.
----------------------------------------------------------------------

The cards in the deck are: 
Description Size Speed Range Firepower Cargo
m50 1 10 2 2 0
Idris 8 2 7 10 6
Avenger 2 5 4 3 2
Constellation 4 5 7 3 4
Hawk 1 3 2 4 0
Hornet 2 5 3 4 1
350r 1 9 2 3 0
Carrack 6 2 10 4 6
Hurricane 2 5 3 5 0
Constellation 4 5 7 3 4

----------------------------------------------------------------------

The cards in the deck after shuffle are: 
Description Size Speed Range Firepower Cargo
m50 1 10 2 2 0
Constellation 4 5 7 3 4
Hurricane 2 5 3 5 0
Avenger 2 5 4 3 2
Carrack 6 2 10 4 6
350r 1 9 2 3 0
Hornet 2 5 3 4 1
Idris 8 2 7 10 6
Constellation 4 5 7 3 4
Hawk 1 3 2 4 0

----------------------------------------------------------------------

Your cards are: 
Description Size Speed Range Firepower Cargo
Constellation 4 5 7 3 4
m50 1 10 2 2 0

AI Player 1's cards are: 
Description Size Speed Range Firepower Cargo
Avenger 2 5 4 3 2
Hurricane 2 5 3 5 0

AI Player 2's cards are: 
Description Size Speed Range Firepower Cargo
350r 1 9 2 3 0
Carrack 6 2 10 4 6

AI Player 3's cards are: 
Description Size Speed Range Firepower Cargo
Idris 8 2 7 10 6
Hornet 2 5 3 4 1

AI Player 4's cards are: 
Description Size Speed Range Firepower Cargo
Hawk 1 3 2 4 0
Constellation 4 5 7 3 4

----------------------------------------------------------------------

The cards of this round are: 
Description Size Speed Range Firepower Cargo
m50 1 10 2 2 0
Hurricane 2 5 3 5 0
Carrack 6 2 10 4 6
Hornet 2 5 3 4 1
Constellation 4 5 7 3 4

----------------------------------------------------------------------

The chosen attribute is: 	> Speed: 5

----------------------------------------------------------------------

The communal pile is empty.

----------------------------------------------------------------------

The cards of this round are: 
Description Size Speed Range Firepower Cargo
Constellation 4 5 7 3 4
Avenger 2 5 4 3 2
350r 1 9 2 3 0
Idris 8 2 7 10 6
Hawk 1 3 2 4 0

----------------------------------------------------------------------

The chosen attribute is: 	> Size: 4

----------------------------------------------------------------------

The communal pile is empty.

----------------------------------------------------------------------

The cards of this round are: 
Description Size Speed Range Firepower Cargo
Hurricane 2 5 3 5 0
Hawk 1 3 2 4 0

----------------------------------------------------------------------

The chosen attribute is: 	> Speed: 5

----------------------------------------------------------------------

The communal pile is empty.

----------------------------------------------------------------------

The cards of this round are: 
Description Size Speed Range Firepower Cargo
Carrack 6 2 10 4 6
Avenger 2 5 4 3 2

----------------------------------------------------------------------

The chosen attribute is: 	> Size: 4

----------------------------------------------------------------------

The communal pile is empty.

----------------------------------------------------------------------

The cards of this round are: 
Description Size Speed Range Firepower Cargo
m50 1 10 2 2 0
350r 1 9 2 3 0

----------------------------------------------------------------------

The chosen attribute is: 	> Size: 4

----------------------------------------------------------------------

The cards in the communal pile: 
Description Size Speed Range Firepower Cargo
m50 1 10 2 2 0
350r 1 9 2 3 0

----------------------------------------------------------------------

The cards of this round are: 
Description Size Speed Range Firepower Cargo
Hornet 2 5 3 4 1
Idris 8 2 7 10 6

----------------------------------------------------------------------

The chosen attribute is: 	> Size: 4

----------------------------------------------------------------------

The communal pile is empty.

----------------------------------------------------------------------

The cards of this round are: 
Description Size Speed Range Firepower Cargo
Constellation 4 5 7 3 4
Constellation 4 5 7 3 4

----------------------------------------------------------------------

The chosen attribute is: 	> Speed: 5

----------------------------------------------------------------------

The cards in the communal pile: 
Description Size Speed Range Firepower Cargo
Constellation 4 5 7 3 4
Constellation 4 5 7 3 4

----------------------------------------------------------------------

The cards of this round are: 
Description Size Speed Range Firepower Cargo
Hurricane 2 5 3 5 0
m50 1 10 2 2 0

----------------------------------------------------------------------

The chosen attribute is: 	> Speed: 5

----------------------------------------------------------------------

The communal pile is empty.

----------------------------------------------------------------------

The cards of this round are: 
Description Size Speed Range Firepower Cargo
Hawk 1 3 2 4 0
350r 1 9 2 3 0

----------------------------------------------------------------------

The chosen attribute is: 	> Speed: 5

----------------------------------------------------------------------

The communal pile is empty.

----------------------------------------------------------------------

The cards of this round are: 
Description Size Speed Range Firepower Cargo
Avenger 2 5 4 3 2
Hornet 2 5 3 4 1

----------------------------------------------------------------------

The chosen attribute is: 	> Firepower: 3

----------------------------------------------------------------------

The communal pile is empty.

----------------------------------------------------------------------

The cards of this round are: 
Description Size Speed Range Firepower Cargo
Carrack 6 2 10 4 6
Idris 8 2 7 10 6

----------------------------------------------------------------------

The chosen attribute is: 	> Range: 7

----------------------------------------------------------------------

The communal pile is empty.

----------------------------------------------------------------------

The cards of this round are: 
Description Size Speed Range Firepower Cargo
Carrack 6 2 10 4 6
Constellation 4 5 7 3 4

----------------------------------------------------------------------

The chosen attribute is: 	> Size: 4

----------------------------------------------------------------------

The communal pile is empty.

----------------------------------------------------------------------

The cards of this round are: 
Description Size Speed Range Firepower Cargo
Idris 8 2 7 10 6
m50 1 10 2 2 0

----------------------------------------------------------------------

The chosen attribute is: 	> Size: 4

----------------------------------------------------------------------

The communal pile is empty.

----------------------------------------------------------------------

The cards of this round are: 
Description Size Speed Range Firepower Cargo
Carrack 6 2 10 4 6
Hurricane 2 5 3 5 0

----------------------------------------------------------------------

The chosen attribute is: 	> Size: 4

----------------------------------------------------------------------

The communal pile is empty.

----------------------------------------------------------------------

The cards of this round are: 
Description Size Speed Range Firepower Cargo
Constellation 4 5 7 3 4
Constellation 4 5 7 3 4

----------------------------------------------------------------------

The chosen attribute is: 	> Size: 4

----------------------------------------------------------------------

The cards in the communal pile: 
Description Size Speed Range Firepower Cargo
Constellation 4 5 7 3 4
Constellation 4 5 7 3 4

----------------------------------------------------------------------

The cards of this round are: 
Description Size Speed Range Firepower Cargo
m50 1 10 2 2 0
Hawk 1 3 2 4 0

----------------------------------------------------------------------

The chosen attribute is: 	> Size: 4

----------------------------------------------------------------------

The cards in the communal pile: 
Description Size Speed Range Firepower Cargo
m50 1 10 2 2 0
Hawk 1 3 2 4 0
Constellation 4 5 7 3 4
Constellation 4 5 7 3 4

----------------------------------------------------------------------

The cards of this round are: 
Description Size Speed Range Firepower Cargo
Idris 8 2 7 10 6
350r 1 9 2 3 0

----------------------------------------------------------------------

The chosen attribute is: 	> Size: 4

----------------------------------------------------------------------

The communal pile is empty.

----------------------------------------------------------------------

The cards of this round are: 
Description Size Speed Range Firepower Cargo
Carrack 6 2 10 4 6
Avenger 2 5 4 3 2

----------------------------------------------------------------------

The chosen attribute is: 	> Size: 4

----------------------------------------------------------------------

The communal pile is empty.

----------------------------------------------------------------------

The cards of this round are: 
Description Size Speed Range Firepower Cargo
Hurricane 2 5 3 5 0
Hornet 2 5 3 4 1

----------------------------------------------------------------------

The chosen attribute is: 	> Size: 4

----------------------------------------------------------------------

The cards in the communal pile: 
Description Size Speed Range Firepower Cargo
Hornet 2 5 3 4 1
Hurricane 2 5 3 5 0

----------------------------------------------------------------------

Your cards are: 
Description Size Speed Range Firepower Cargo
Avenger 2 5 4 3 2
Carrack 6 2 10 4 6
m50 1 10 2 2 0
350r 1 9 2 3 0
Idris 8 2 7 10 6
Hawk 1 3 2 4 0
Constellation 4 5 7 3 4
Constellation 4 5 7 3 4

AI Player 1's deck is empty.

AI Player 2's deck is empty.

AI Player 3's deck is empty.

AI Player 4's deck is empty.

----------------------------------------------------------------------

The winner is: You.
----------------------------------------------------------------------

